app/build/outputs/logs/manifest-merger-debug-report.txt
-- Merging decision tree log ---
manifest
ADDED from AndroidManifest.xml:17:1
	package
		ADDED from AndroidManifest.xml:19:9
		INJECTED from AndroidManifest.xml:0:0
		INJECTED from AndroidManifest.xml:0:0
	coreApp
		ADDED from AndroidManifest.xml:18:9
	xmlns:android
		ADDED from AndroidManifest.xml:17:11
uses-sdk
ADDED from AndroidManifest.xml:21:5
	android:targetSdkVersion
		ADDED from AndroidManifest.xml:21:42
		INJECTED from AndroidManifest.xml:0:0
		INJECTED from AndroidManifest.xml:0:0
	android:minSdkVersion
		ADDED from AndroidManifest.xml:21:15
		INJECTED from AndroidManifest.xml:0:0
		INJECTED from AndroidManifest.xml:0:0
uses-permission#android.permission.ACCESS_NETWORK_STATE
ADDED from AndroidManifest.xml:23:5
	android:name
		ADDED from AndroidManifest.xml:23:22
uses-permission#android.permission.DOWNLOAD_WITHOUT_NOTIFICATION
ADDED from AndroidManifest.xml:24:5
	android:name
		ADDED from AndroidManifest.xml:24:22
uses-permission#android.permission.GET_ACCOUNTS
ADDED from AndroidManifest.xml:25:5
	android:name
		ADDED from AndroidManifest.xml:25:22
uses-permission#android.permission.READ_CONTACTS
ADDED from AndroidManifest.xml:26:5
	android:name
		ADDED from AndroidManifest.xml:26:22
uses-permission#android.permission.READ_PROFILE
ADDED from AndroidManifest.xml:27:5
	android:name
		ADDED from AndroidManifest.xml:27:22
uses-permission#android.permission.READ_USER_DICTIONARY
ADDED from AndroidManifest.xml:28:5
	android:name
		ADDED from AndroidManifest.xml:28:22
uses-permission#android.permission.RECEIVE_BOOT_COMPLETED
ADDED from AndroidManifest.xml:29:5
	android:name
		ADDED from AndroidManifest.xml:29:22
uses-permission#android.permission.VIBRATE
ADDED from AndroidManifest.xml:30:5
	android:name
		ADDED from AndroidManifest.xml:30:22
uses-permission#android.permission.WRITE_EXTERNAL_STORAGE
ADDED from AndroidManifest.xml:31:5
	android:name
		ADDED from AndroidManifest.xml:31:22
uses-permission#android.permission.WRITE_USER_DICTIONARY
ADDED from AndroidManifest.xml:32:5
	android:name
		ADDED from AndroidManifest.xml:32:22
application
ADDED from AndroidManifest.xml:34:5
	android:label
		ADDED from AndroidManifest.xml:34:18
	android:supportsRtl
		ADDED from AndroidManifest.xml:36:13
	android:allowBackup
		ADDED from AndroidManifest.xml:37:13
	android:icon
		ADDED from AndroidManifest.xml:35:13
service#com.android.inputmethod.latin.LatinIME
ADDED from AndroidManifest.xml:39:9
	android:label
		ADDED from AndroidManifest.xml:40:17
	android:permission
		ADDED from AndroidManifest.xml:41:17
	android:name
		ADDED from AndroidManifest.xml:39:18
intent-filter#android.view.InputMethod
ADDED from AndroidManifest.xml:42:13
action#android.view.InputMethod
ADDED from AndroidManifest.xml:43:17
	android:name
		ADDED from AndroidManifest.xml:43:25
meta-data#android.view.im
ADDED from AndroidManifest.xml:45:13
	android:resource
		ADDED from AndroidManifest.xml:45:55
	android:name
		ADDED from AndroidManifest.xml:45:24
service#com.android.inputmethod.latin.spellcheck.AndroidSpellCheckerService
ADDED from AndroidManifest.xml:48:9
	android:label
		ADDED from AndroidManifest.xml:49:18
	android:permission
		ADDED from AndroidManifest.xml:50:18
	android:name
		ADDED from AndroidManifest.xml:48:18
intent-filter#android.service.textservice.SpellCheckerService
ADDED from AndroidManifest.xml:51:13
action#android.service.textservice.SpellCheckerService
ADDED from AndroidManifest.xml:52:17
	android:name
		ADDED from AndroidManifest.xml:52:25
meta-data#android.view.textservice.scs
ADDED from AndroidManifest.xml:54:13
	android:resource
		ADDED from AndroidManifest.xml:55:21
	android:name
		ADDED from AndroidManifest.xml:54:24
activity#com.android.inputmethod.latin.setup.SetupActivity
ADDED from AndroidManifest.xml:58:9
	android:label
		ADDED from AndroidManifest.xml:60:17
	android:launchMode
		ADDED from AndroidManifest.xml:62:17
	android:noHistory
		ADDED from AndroidManifest.xml:63:17
	android:icon
		ADDED from AndroidManifest.xml:61:17
	android:theme
		ADDED from AndroidManifest.xml:59:17
	android:name
		ADDED from AndroidManifest.xml:58:19
intent-filter#android.intent.action.MAIN+android.intent.category.LAUNCHER
ADDED from AndroidManifest.xml:64:13
action#android.intent.action.MAIN
ADDED from AndroidManifest.xml:65:17
	android:name
		ADDED from AndroidManifest.xml:65:25
category#android.intent.category.LAUNCHER
ADDED from AndroidManifest.xml:66:17
	android:name
		ADDED from AndroidManifest.xml:66:27
activity#com.android.inputmethod.latin.setup.SetupWizardActivity
ADDED from AndroidManifest.xml:70:9
	android:clearTaskOnLaunch
		ADDED from AndroidManifest.xml:73:17
	android:label
		ADDED from AndroidManifest.xml:72:17
	android:theme
		ADDED from AndroidManifest.xml:71:17
	android:name
		ADDED from AndroidManifest.xml:70:19
intent-filter#android.intent.action.MAIN
ADDED from AndroidManifest.xml:74:13
receiver#com.android.inputmethod.latin.SystemBroadcastReceiver
ADDED from AndroidManifest.xml:79:9
	android:name
		ADDED from AndroidManifest.xml:79:19
intent-filter#android.intent.action.BOOT_COMPLETED+android.intent.action.LOCALE_CHANGED+android.intent.action.MY_PACKAGE_REPLACED+android.intent.action.USER_INITIALIZE
ADDED from AndroidManifest.xml:80:13
action#android.intent.action.MY_PACKAGE_REPLACED
ADDED from AndroidManifest.xml:81:17
	android:name
		ADDED from AndroidManifest.xml:81:25
action#android.intent.action.BOOT_COMPLETED
ADDED from AndroidManifest.xml:82:17
	android:name
		ADDED from AndroidManifest.xml:82:25
action#android.intent.action.USER_INITIALIZE
ADDED from AndroidManifest.xml:83:17
	android:name
		ADDED from AndroidManifest.xml:83:25
action#android.intent.action.LOCALE_CHANGED
ADDED from AndroidManifest.xml:84:17
	android:name
		ADDED from AndroidManifest.xml:84:25
activity#com.android.inputmethod.latin.settings.SettingsActivity
ADDED from AndroidManifest.xml:88:9
	android:label
		ADDED from AndroidManifest.xml:90:17
	android:uiOptions
		ADDED from AndroidManifest.xml:91:17
	android:theme
		ADDED from AndroidManifest.xml:89:17
	android:name
		ADDED from AndroidManifest.xml:88:19
activity#com.android.inputmethod.latin.spellcheck.SpellCheckerSettingsActivity
ADDED from AndroidManifest.xml:97:9
	android:label
		ADDED from AndroidManifest.xml:99:19
	android:theme
		ADDED from AndroidManifest.xml:98:19
	android:name
		ADDED from AndroidManifest.xml:97:19
receiver#com.android.inputmethod.latin.SuggestionSpanPickedNotificationReceiver
ADDED from AndroidManifest.xml:105:9
	android:enabled
		ADDED from AndroidManifest.xml:105:105
	android:name
		ADDED from AndroidManifest.xml:105:19
intent-filter#android.text.style.SUGGESTION_PICKED
ADDED from AndroidManifest.xml:106:13
action#android.text.style.SUGGESTION_PICKED
ADDED from AndroidManifest.xml:107:17
	android:name
		ADDED from AndroidManifest.xml:107:25
receiver#com.android.inputmethod.latin.personalization.DictionaryDecayBroadcastReciever
ADDED from AndroidManifest.xml:111:9
	android:exported
		ADDED from AndroidManifest.xml:112:13
	android:name
		ADDED from AndroidManifest.xml:111:19
intent-filter#com.android.inputmethod.latin.personalization.DICT_DECAY
ADDED from AndroidManifest.xml:113:13
action#com.android.inputmethod.latin.personalization.DICT_DECAY
ADDED from AndroidManifest.xml:114:17
	android:name
		ADDED from AndroidManifest.xml:114:25
receiver#com.android.inputmethod.latin.DictionaryPackInstallBroadcastReceiver
ADDED from AndroidManifest.xml:118:9
	android:exported
		ADDED from AndroidManifest.xml:118:103
	android:name
		ADDED from AndroidManifest.xml:118:19
intent-filter#com.android.inputmethod.dictionarypack.aosp.UNKNOWN_CLIENT
ADDED from AndroidManifest.xml:119:13
action#com.android.inputmethod.dictionarypack.aosp.UNKNOWN_CLIENT
ADDED from AndroidManifest.xml:120:17
	android:name
		ADDED from AndroidManifest.xml:120:25
provider#com.android.inputmethod.dictionarypack.DictionaryProvider
ADDED from AndroidManifest.xml:124:9
	android:authorities
		ADDED from AndroidManifest.xml:127:17
	android:grantUriPermissions
		ADDED from AndroidManifest.xml:125:17
	android:label
		ADDED from AndroidManifest.xml:129:17
	android:multiprocess
		ADDED from AndroidManifest.xml:128:17
	android:exported
		ADDED from AndroidManifest.xml:126:17
	android:name
		ADDED from AndroidManifest.xml:124:19
service#com.android.inputmethod.dictionarypack.DictionaryService
ADDED from AndroidManifest.xml:132:9
	android:label
		ADDED from AndroidManifest.xml:133:17
	android:name
		ADDED from AndroidManifest.xml:132:18
receiver#com.android.inputmethod.dictionarypack.EventHandler
ADDED from AndroidManifest.xml:136:9
	android:name
		ADDED from AndroidManifest.xml:136:19
intent-filter#android.intent.action.DATE_CHANGED+android.intent.action.DOWNLOAD_COMPLETE+com.android.inputmethod.dictionarypack.aosp.UPDATE_NOW
ADDED from AndroidManifest.xml:137:13
action#android.intent.action.DOWNLOAD_COMPLETE
ADDED from AndroidManifest.xml:138:17
	android:name
		ADDED from AndroidManifest.xml:138:25
action#android.intent.action.DATE_CHANGED
ADDED from AndroidManifest.xml:139:17
	android:name
		ADDED from AndroidManifest.xml:139:25
action#com.android.inputmethod.dictionarypack.aosp.UPDATE_NOW
ADDED from AndroidManifest.xml:140:17
	android:name
		ADDED from AndroidManifest.xml:140:25
activity#com.android.inputmethod.dictionarypack.DictionarySettingsActivity
ADDED from AndroidManifest.xml:144:9
	android:label
		ADDED from AndroidManifest.xml:146:17
	android:uiOptions
		ADDED from AndroidManifest.xml:147:17
	android:theme
		ADDED from AndroidManifest.xml:145:17
	android:name
		ADDED from AndroidManifest.xml:144:19
activity#com.android.inputmethod.dictionarypack.DownloadOverMeteredDialog
ADDED from AndroidManifest.xml:153:9
	android:label
		ADDED from AndroidManifest.xml:155:17
	android:theme
		ADDED from AndroidManifest.xml:154:17
	android:name
		ADDED from AndroidManifest.xml:153:19